2021-05-26 00:20:59.601 +06:00 [INF] Application Starting up
2021-05-26 00:46:22.911 +06:00 [INF] Application Starting up
2021-05-26 11:27:55.832 +06:00 [INF] Application Starting up
2021-05-26 11:54:20.922 +06:00 [INF] Application Starting up
2021-05-26 11:54:22.580 +06:00 [FTL] Application start-up failed
System.AggregateException: Some services are not able to be constructed (Error while validating the service descriptor 'ServiceType: WebAppMVC.DependencyAuto.IDatabaseUse Lifetime: Transient ImplementationType: WebAppMVC.DependencyAuto.SimpleDatabase': Unable to resolve service for type 'WebAppMVC.DependencyAuto.IDriver' while attempting to activate 'WebAppMVC.DependencyAuto.SimpleDatabase'.)
 ---> System.InvalidOperationException: Error while validating the service descriptor 'ServiceType: WebAppMVC.DependencyAuto.IDatabaseUse Lifetime: Transient ImplementationType: WebAppMVC.DependencyAuto.SimpleDatabase': Unable to resolve service for type 'WebAppMVC.DependencyAuto.IDriver' while attempting to activate 'WebAppMVC.DependencyAuto.SimpleDatabase'.
 ---> System.InvalidOperationException: Unable to resolve service for type 'WebAppMVC.DependencyAuto.IDriver' while attempting to activate 'WebAppMVC.DependencyAuto.SimpleDatabase'.
   at Microsoft.Extensions.DependencyInjection.ServiceLookup.CallSiteFactory.CreateArgumentCallSites(Type serviceType, Type implementationType, CallSiteChain callSiteChain, ParameterInfo[] parameters, Boolean throwIfCallSiteNotFound)
   at Microsoft.Extensions.DependencyInjection.ServiceLookup.CallSiteFactory.CreateConstructorCallSite(ResultCache lifetime, Type serviceType, Type implementationType, CallSiteChain callSiteChain)
   at Microsoft.Extensions.DependencyInjection.ServiceLookup.CallSiteFactory.TryCreateExact(ServiceDescriptor descriptor, Type serviceType, CallSiteChain callSiteChain, Int32 slot)
   at Microsoft.Extensions.DependencyInjection.ServiceLookup.CallSiteFactory.GetCallSite(ServiceDescriptor serviceDescriptor, CallSiteChain callSiteChain)
   at Microsoft.Extensions.DependencyInjection.ServiceLookup.ServiceProviderEngine.ValidateService(ServiceDescriptor descriptor)
   --- End of inner exception stack trace ---
   at Microsoft.Extensions.DependencyInjection.ServiceLookup.ServiceProviderEngine.ValidateService(ServiceDescriptor descriptor)
   at Microsoft.Extensions.DependencyInjection.ServiceProvider..ctor(IEnumerable`1 serviceDescriptors, IServiceProviderEngine engine, ServiceProviderOptions options)
   --- End of inner exception stack trace ---
   at Microsoft.Extensions.DependencyInjection.ServiceProvider..ctor(IEnumerable`1 serviceDescriptors, IServiceProviderEngine engine, ServiceProviderOptions options)
   at Microsoft.Extensions.DependencyInjection.ServiceCollectionContainerBuilderExtensions.BuildServiceProvider(IServiceCollection services, ServiceProviderOptions options)
   at Microsoft.Extensions.DependencyInjection.DefaultServiceProviderFactory.CreateServiceProvider(IServiceCollection containerBuilder)
   at Microsoft.Extensions.Hosting.Internal.ServiceFactoryAdapter`1.CreateServiceProvider(Object containerBuilder)
   at Microsoft.Extensions.Hosting.HostBuilder.CreateServiceProvider()
   at Microsoft.Extensions.Hosting.HostBuilder.Build()
   at WebAppMVC.Program.Main(String[] args) in D:\GitHub\ASP_DOT_NET\Web\WebApp\WebAppMVC\Program.cs:line 32
2021-05-26 11:57:32.798 +06:00 [INF] Application Starting up
2021-05-26 12:00:19.199 +06:00 [INF] Application Starting up
2021-05-26 14:22:46.842 +06:00 [INF] Application Starting up
